{"/Users/colinmeret/fullstack/codestream/server/server.js":{"path":"/Users/colinmeret/fullstack/codestream/server/server.js","s":{"1":1,"2":1,"3":1,"4":1,"5":0,"6":0,"7":0},"b":{},"f":{"1":0},"fnMap":{"1":{"name":"(anonymous_1)","line":10,"loc":{"start":{"line":10,"column":9},"end":{"line":10,"column":23}}}},"statementMap":{"1":{"start":{"line":3,"column":0},"end":{"line":3,"column":30}},"2":{"start":{"line":4,"column":0},"end":{"line":4,"column":27}},"3":{"start":{"line":5,"column":0},"end":{"line":5,"column":29}},"4":{"start":{"line":7,"column":0},"end":{"line":14,"column":5}},"5":{"start":{"line":11,"column":4},"end":{"line":11,"column":64}},"6":{"start":{"line":12,"column":4},"end":{"line":12,"column":29}},"7":{"start":{"line":13,"column":4},"end":{"line":13,"column":20}}},"branchMap":{}},"/Users/colinmeret/fullstack/codestream/server/db/index.js":{"path":"/Users/colinmeret/fullstack/codestream/server/db/index.js","s":{"1":1,"2":1,"3":1,"4":1,"5":1,"6":1,"7":1,"8":1,"9":1,"10":1,"11":1,"12":1,"13":1,"14":1,"15":1,"16":1,"17":0,"18":1},"b":{"1":[1,0]},"f":{"1":1,"2":0},"fnMap":{"1":{"name":"(anonymous_1)","line":19,"loc":{"start":{"line":19,"column":33},"end":{"line":19,"column":60}}},"2":{"name":"(anonymous_2)","line":27,"loc":{"start":{"line":27,"column":20},"end":{"line":27,"column":32}}}},"statementMap":{"1":{"start":{"line":1,"column":0},"end":{"line":1,"column":34}},"2":{"start":{"line":2,"column":0},"end":{"line":2,"column":29}},"3":{"start":{"line":3,"column":0},"end":{"line":4,"column":63}},"4":{"start":{"line":7,"column":0},"end":{"line":7,"column":64}},"5":{"start":{"line":9,"column":0},"end":{"line":9,"column":35}},"6":{"start":{"line":10,"column":0},"end":{"line":10,"column":51}},"7":{"start":{"line":13,"column":0},"end":{"line":13,"column":26}},"8":{"start":{"line":14,"column":0},"end":{"line":14,"column":28}},"9":{"start":{"line":15,"column":0},"end":{"line":15,"column":27}},"10":{"start":{"line":16,"column":0},"end":{"line":16,"column":29}},"11":{"start":{"line":17,"column":0},"end":{"line":17,"column":29}},"12":{"start":{"line":19,"column":0},"end":{"line":22,"column":3}},"13":{"start":{"line":20,"column":4},"end":{"line":20,"column":27}},"14":{"start":{"line":21,"column":4},"end":{"line":21,"column":27}},"15":{"start":{"line":25,"column":0},"end":{"line":25,"column":35}},"16":{"start":{"line":27,"column":0},"end":{"line":29,"column":3}},"17":{"start":{"line":28,"column":4},"end":{"line":28,"column":97}},"18":{"start":{"line":32,"column":0},"end":{"line":32,"column":32}}},"branchMap":{"1":{"line":3,"type":"cond-expr","locations":[{"start":{"line":4,"column":2},"end":{"line":4,"column":28}},{"start":{"line":4,"column":31},"end":{"line":4,"column":62}}]}}},"/Users/colinmeret/fullstack/codestream/config.js":{"path":"/Users/colinmeret/fullstack/codestream/config.js","s":{"1":1,"2":1,"3":1,"4":1},"b":{},"f":{},"fnMap":{},"statementMap":{"1":{"start":{"line":1,"column":0},"end":{"line":1,"column":17}},"2":{"start":{"line":2,"column":0},"end":{"line":14,"column":2}},"3":{"start":{"line":16,"column":0},"end":{"line":27,"column":2}},"4":{"start":{"line":30,"column":0},"end":{"line":30,"column":47}}},"branchMap":{}},"/Users/colinmeret/fullstack/codestream/server/db/models/users.js":{"path":"/Users/colinmeret/fullstack/codestream/server/db/models/users.js","s":{"1":1,"2":1,"3":1,"4":1,"5":0,"6":1,"7":0,"8":0,"9":0,"10":0,"11":1,"12":0,"13":0,"14":0,"15":0,"16":1,"17":1,"18":1,"19":0,"20":1},"b":{"1":[0,0]},"f":{"1":0,"2":0,"3":0,"4":0},"fnMap":{"1":{"name":"(anonymous_1)","line":22,"loc":{"start":{"line":22,"column":19},"end":{"line":22,"column":30}}},"2":{"name":"(anonymous_2)","line":26,"loc":{"start":{"line":26,"column":22},"end":{"line":26,"column":48}}},"3":{"name":"(anonymous_3)","line":33,"loc":{"start":{"line":33,"column":23},"end":{"line":33,"column":38}}},"4":{"name":"(anonymous_4)","line":47,"loc":{"start":{"line":47,"column":37},"end":{"line":47,"column":65}}}},"statementMap":{"1":{"start":{"line":3,"column":0},"end":{"line":3,"column":31}},"2":{"start":{"line":4,"column":0},"end":{"line":4,"column":35}},"3":{"start":{"line":6,"column":0},"end":{"line":18,"column":3}},"4":{"start":{"line":22,"column":0},"end":{"line":24,"column":2}},"5":{"start":{"line":23,"column":4},"end":{"line":23,"column":53}},"6":{"start":{"line":26,"column":0},"end":{"line":31,"column":2}},"7":{"start":{"line":27,"column":4},"end":{"line":27,"column":41}},"8":{"start":{"line":28,"column":4},"end":{"line":28,"column":27}},"9":{"start":{"line":29,"column":4},"end":{"line":29,"column":22}},"10":{"start":{"line":30,"column":4},"end":{"line":30,"column":30}},"11":{"start":{"line":33,"column":0},"end":{"line":42,"column":3}},"12":{"start":{"line":35,"column":4},"end":{"line":38,"column":5}},"13":{"start":{"line":36,"column":8},"end":{"line":36,"column":52}},"14":{"start":{"line":37,"column":8},"end":{"line":37,"column":83}},"15":{"start":{"line":40,"column":4},"end":{"line":40,"column":11}},"16":{"start":{"line":44,"column":0},"end":{"line":44,"column":47}},"17":{"start":{"line":45,"column":0},"end":{"line":45,"column":53}},"18":{"start":{"line":47,"column":0},"end":{"line":49,"column":3}},"19":{"start":{"line":48,"column":4},"end":{"line":48,"column":75}},"20":{"start":{"line":51,"column":0},"end":{"line":51,"column":35}}},"branchMap":{"1":{"line":35,"type":"if","locations":[{"start":{"line":35,"column":4},"end":{"line":35,"column":4}},{"start":{"line":35,"column":4},"end":{"line":35,"column":4}}]}}},"/Users/colinmeret/fullstack/codestream/server/db/models/project.js":{"path":"/Users/colinmeret/fullstack/codestream/server/db/models/project.js","s":{"1":1,"2":1,"3":1,"4":0,"5":1,"6":1,"7":0,"8":0,"9":0,"10":0,"11":0,"12":0,"13":1},"b":{"1":[0,0],"2":[0,0]},"f":{"1":0,"2":0},"fnMap":{"1":{"name":"(anonymous_1)","line":32,"loc":{"start":{"line":32,"column":25},"end":{"line":32,"column":36}}},"2":{"name":"(anonymous_2)","line":38,"loc":{"start":{"line":38,"column":26},"end":{"line":38,"column":41}}}},"statementMap":{"1":{"start":{"line":2,"column":0},"end":{"line":2,"column":35}},"2":{"start":{"line":4,"column":0},"end":{"line":30,"column":3}},"3":{"start":{"line":32,"column":0},"end":{"line":34,"column":2}},"4":{"start":{"line":33,"column":2},"end":{"line":33,"column":33}},"5":{"start":{"line":36,"column":0},"end":{"line":36,"column":62}},"6":{"start":{"line":38,"column":0},"end":{"line":47,"column":3}},"7":{"start":{"line":39,"column":2},"end":{"line":39,"column":58}},"8":{"start":{"line":41,"column":2},"end":{"line":41,"column":54}},"9":{"start":{"line":41,"column":24},"end":{"line":41,"column":54}},"10":{"start":{"line":43,"column":2},"end":{"line":45,"column":3}},"11":{"start":{"line":44,"column":4},"end":{"line":44,"column":35}},"12":{"start":{"line":46,"column":2},"end":{"line":46,"column":9}},"13":{"start":{"line":49,"column":0},"end":{"line":49,"column":41}}},"branchMap":{"1":{"line":41,"type":"if","locations":[{"start":{"line":41,"column":2},"end":{"line":41,"column":2}},{"start":{"line":41,"column":2},"end":{"line":41,"column":2}}]},"2":{"line":43,"type":"if","locations":[{"start":{"line":43,"column":2},"end":{"line":43,"column":2}},{"start":{"line":43,"column":2},"end":{"line":43,"column":2}}]}}},"/Users/colinmeret/fullstack/codestream/server/db/models/folder.js":{"path":"/Users/colinmeret/fullstack/codestream/server/db/models/folder.js","s":{"1":1,"2":1,"3":1,"4":0,"5":0,"6":0,"7":0,"8":0,"9":1},"b":{"1":[0,0],"2":[0,0]},"f":{"1":0},"fnMap":{"1":{"name":"(anonymous_1)","line":25,"loc":{"start":{"line":25,"column":25},"end":{"line":25,"column":40}}}},"statementMap":{"1":{"start":{"line":2,"column":0},"end":{"line":2,"column":35}},"2":{"start":{"line":4,"column":0},"end":{"line":23,"column":3}},"3":{"start":{"line":25,"column":0},"end":{"line":31,"column":3}},"4":{"start":{"line":26,"column":2},"end":{"line":26,"column":54}},"5":{"start":{"line":26,"column":24},"end":{"line":26,"column":54}},"6":{"start":{"line":27,"column":2},"end":{"line":29,"column":3}},"7":{"start":{"line":28,"column":4},"end":{"line":28,"column":35}},"8":{"start":{"line":30,"column":2},"end":{"line":30,"column":9}},"9":{"start":{"line":33,"column":0},"end":{"line":33,"column":39}}},"branchMap":{"1":{"line":26,"type":"if","locations":[{"start":{"line":26,"column":2},"end":{"line":26,"column":2}},{"start":{"line":26,"column":2},"end":{"line":26,"column":2}}]},"2":{"line":27,"type":"if","locations":[{"start":{"line":27,"column":2},"end":{"line":27,"column":2}},{"start":{"line":27,"column":2},"end":{"line":27,"column":2}}]}}},"/Users/colinmeret/fullstack/codestream/server/db/models/document.js":{"path":"/Users/colinmeret/fullstack/codestream/server/db/models/document.js","s":{"1":1,"2":1,"3":1,"4":0,"5":0,"6":0,"7":0,"8":0,"9":1},"b":{"1":[0,0],"2":[0,0]},"f":{"1":0},"fnMap":{"1":{"name":"(anonymous_1)","line":21,"loc":{"start":{"line":21,"column":27},"end":{"line":21,"column":42}}}},"statementMap":{"1":{"start":{"line":2,"column":0},"end":{"line":2,"column":35}},"2":{"start":{"line":4,"column":0},"end":{"line":19,"column":3}},"3":{"start":{"line":21,"column":0},"end":{"line":27,"column":3}},"4":{"start":{"line":22,"column":2},"end":{"line":22,"column":54}},"5":{"start":{"line":22,"column":24},"end":{"line":22,"column":54}},"6":{"start":{"line":23,"column":2},"end":{"line":25,"column":3}},"7":{"start":{"line":24,"column":4},"end":{"line":24,"column":35}},"8":{"start":{"line":26,"column":2},"end":{"line":26,"column":9}},"9":{"start":{"line":29,"column":0},"end":{"line":29,"column":43}}},"branchMap":{"1":{"line":22,"type":"if","locations":[{"start":{"line":22,"column":2},"end":{"line":22,"column":2}},{"start":{"line":22,"column":2},"end":{"line":22,"column":2}}]},"2":{"line":23,"type":"if","locations":[{"start":{"line":23,"column":2},"end":{"line":23,"column":2}},{"start":{"line":23,"column":2},"end":{"line":23,"column":2}}]}}},"/Users/colinmeret/fullstack/codestream/server/db/models/snapshot.js":{"path":"/Users/colinmeret/fullstack/codestream/server/db/models/snapshot.js","s":{"1":1,"2":1,"3":1,"4":1},"b":{},"f":{},"fnMap":{},"statementMap":{"1":{"start":{"line":2,"column":0},"end":{"line":2,"column":35}},"2":{"start":{"line":4,"column":0},"end":{"line":11,"column":3}},"3":{"start":{"line":13,"column":0},"end":{"line":21,"column":3}},"4":{"start":{"line":29,"column":0},"end":{"line":29,"column":43}}},"branchMap":{}},"/Users/colinmeret/fullstack/codestream/server/app/index.js":{"path":"/Users/colinmeret/fullstack/codestream/server/app/index.js","s":{"1":1,"2":1,"3":1,"4":1,"5":1,"6":1,"7":1,"8":1,"9":1,"10":1,"11":1,"12":0,"13":0,"14":0,"15":0,"16":0,"17":0,"18":0,"19":0,"20":0,"21":0,"22":0,"23":0,"24":0,"25":0,"26":0,"27":0,"28":0,"29":0,"30":0,"31":0,"32":0,"33":0,"34":0,"35":0,"36":0,"37":0,"38":0,"39":1,"40":0,"41":0,"42":0,"43":1},"b":{"1":[0,0],"2":[0,0],"3":[0,0]},"f":{"1":0,"2":0,"3":0,"4":0,"5":0,"6":0,"7":0,"8":0,"9":0},"fnMap":{"1":{"name":"(anonymous_1)","line":19,"loc":{"start":{"line":19,"column":15},"end":{"line":19,"column":39}}},"2":{"name":"(anonymous_2)","line":37,"loc":{"start":{"line":37,"column":10},"end":{"line":37,"column":36}}},"3":{"name":"(anonymous_3)","line":57,"loc":{"start":{"line":57,"column":20},"end":{"line":57,"column":39}}},"4":{"name":"(anonymous_4)","line":61,"loc":{"start":{"line":61,"column":21},"end":{"line":61,"column":40}}},"5":{"name":"(anonymous_5)","line":67,"loc":{"start":{"line":67,"column":15},"end":{"line":67,"column":40}}},"6":{"name":"(anonymous_6)","line":75,"loc":{"start":{"line":75,"column":10},"end":{"line":75,"column":35}}},"7":{"name":"(anonymous_7)","line":82,"loc":{"start":{"line":82,"column":10},"end":{"line":82,"column":40}}},"8":{"name":"(anonymous_8)","line":88,"loc":{"start":{"line":88,"column":18},"end":{"line":88,"column":29}}},"9":{"name":"(anonymous_9)","line":91,"loc":{"start":{"line":91,"column":19},"end":{"line":91,"column":30}}}},"statementMap":{"1":{"start":{"line":1,"column":0},"end":{"line":1,"column":33}},"2":{"start":{"line":2,"column":0},"end":{"line":2,"column":20}},"3":{"start":{"line":3,"column":0},"end":{"line":3,"column":27}},"4":{"start":{"line":4,"column":0},"end":{"line":4,"column":31}},"5":{"start":{"line":5,"column":0},"end":{"line":5,"column":29}},"6":{"start":{"line":6,"column":0},"end":{"line":6,"column":40}},"7":{"start":{"line":7,"column":0},"end":{"line":7,"column":41}},"8":{"start":{"line":9,"column":0},"end":{"line":9,"column":54}},"9":{"start":{"line":10,"column":0},"end":{"line":10,"column":58}},"10":{"start":{"line":11,"column":0},"end":{"line":11,"column":58}},"11":{"start":{"line":19,"column":0},"end":{"line":86,"column":2}},"12":{"start":{"line":21,"column":2},"end":{"line":21,"column":45}},"13":{"start":{"line":21,"column":22},"end":{"line":21,"column":45}},"14":{"start":{"line":22,"column":2},"end":{"line":22,"column":29}},"15":{"start":{"line":23,"column":2},"end":{"line":23,"column":53}},"16":{"start":{"line":25,"column":2},"end":{"line":25,"column":38}},"17":{"start":{"line":26,"column":2},"end":{"line":26,"column":36}},"18":{"start":{"line":27,"column":2},"end":{"line":29,"column":49}},"19":{"start":{"line":31,"column":2},"end":{"line":31,"column":38}},"20":{"start":{"line":37,"column":2},"end":{"line":45,"column":5}},"21":{"start":{"line":39,"column":4},"end":{"line":43,"column":5}},"22":{"start":{"line":40,"column":6},"end":{"line":40,"column":28}},"23":{"start":{"line":42,"column":6},"end":{"line":42,"column":17}},"24":{"start":{"line":52,"column":2},"end":{"line":52,"column":27}},"25":{"start":{"line":55,"column":2},"end":{"line":55,"column":41}},"26":{"start":{"line":57,"column":2},"end":{"line":59,"column":5}},"27":{"start":{"line":58,"column":4},"end":{"line":58,"column":33}},"28":{"start":{"line":61,"column":2},"end":{"line":64,"column":5}},"29":{"start":{"line":62,"column":4},"end":{"line":62,"column":17}},"30":{"start":{"line":63,"column":4},"end":{"line":63,"column":22}},"31":{"start":{"line":67,"column":2},"end":{"line":69,"column":5}},"32":{"start":{"line":68,"column":4},"end":{"line":68,"column":61}},"33":{"start":{"line":75,"column":2},"end":{"line":79,"column":5}},"34":{"start":{"line":76,"column":4},"end":{"line":76,"column":37}},"35":{"start":{"line":77,"column":4},"end":{"line":77,"column":21}},"36":{"start":{"line":78,"column":4},"end":{"line":78,"column":14}},"37":{"start":{"line":82,"column":2},"end":{"line":85,"column":5}},"38":{"start":{"line":83,"column":4},"end":{"line":83,"column":38}},"39":{"start":{"line":88,"column":0},"end":{"line":95,"column":2}},"40":{"start":{"line":89,"column":2},"end":{"line":89,"column":18}},"41":{"start":{"line":91,"column":2},"end":{"line":93,"column":5}},"42":{"start":{"line":92,"column":4},"end":{"line":92,"column":103}},"43":{"start":{"line":97,"column":0},"end":{"line":101,"column":2}}},"branchMap":{"1":{"line":21,"type":"if","locations":[{"start":{"line":21,"column":2},"end":{"line":21,"column":2}},{"start":{"line":21,"column":2},"end":{"line":21,"column":2}}]},"2":{"line":39,"type":"if","locations":[{"start":{"line":39,"column":4},"end":{"line":39,"column":4}},{"start":{"line":39,"column":4},"end":{"line":39,"column":4}}]},"3":{"line":83,"type":"binary-expr","locations":[{"start":{"line":83,"column":19},"end":{"line":83,"column":29}},{"start":{"line":83,"column":33},"end":{"line":83,"column":36}}]}}},"/Users/colinmeret/fullstack/codestream/server/start.js":{"path":"/Users/colinmeret/fullstack/codestream/server/start.js","s":{"1":1,"2":1},"b":{},"f":{},"fnMap":{},"statementMap":{"1":{"start":{"line":1,"column":0},"end":{"line":1,"column":26}},"2":{"start":{"line":2,"column":0},"end":{"line":2,"column":20}}},"branchMap":{}}}