TN:
SF:/Users/colinmeret/fullstack/codestream/server/server.js
FN:10,(anonymous_1)
FNF:1
FNH:0
FNDA:0,(anonymous_1)
DA:3,1
DA:4,1
DA:5,1
DA:7,1
DA:11,0
DA:12,0
DA:13,0
LF:7
LH:4
BRF:0
BRH:0
end_of_record
TN:
SF:/Users/colinmeret/fullstack/codestream/server/db/index.js
FN:19,(anonymous_1)
FN:27,(anonymous_2)
FNF:2
FNH:1
FNDA:1,(anonymous_1)
FNDA:0,(anonymous_2)
DA:1,1
DA:2,1
DA:3,1
DA:7,1
DA:9,1
DA:10,1
DA:13,1
DA:14,1
DA:15,1
DA:16,1
DA:17,1
DA:19,1
DA:20,1
DA:21,1
DA:25,1
DA:27,1
DA:28,0
DA:32,1
LF:18
LH:17
BRDA:3,1,0,1
BRDA:3,1,1,0
BRF:2
BRH:1
end_of_record
TN:
SF:/Users/colinmeret/fullstack/codestream/config.js
FNF:0
FNH:0
DA:1,1
DA:2,1
DA:16,1
DA:30,1
LF:4
LH:4
BRF:0
BRH:0
end_of_record
TN:
SF:/Users/colinmeret/fullstack/codestream/server/db/models/users.js
FN:22,(anonymous_1)
FN:26,(anonymous_2)
FN:33,(anonymous_3)
FN:47,(anonymous_4)
FNF:4
FNH:0
FNDA:0,(anonymous_1)
FNDA:0,(anonymous_2)
FNDA:0,(anonymous_3)
FNDA:0,(anonymous_4)
DA:3,1
DA:4,1
DA:6,1
DA:22,1
DA:23,0
DA:26,1
DA:27,0
DA:28,0
DA:29,0
DA:30,0
DA:33,1
DA:35,0
DA:36,0
DA:37,0
DA:40,0
DA:44,1
DA:45,1
DA:47,1
DA:48,0
DA:51,1
LF:20
LH:10
BRDA:35,1,0,0
BRDA:35,1,1,0
BRF:2
BRH:0
end_of_record
TN:
SF:/Users/colinmeret/fullstack/codestream/server/db/models/project.js
FN:32,(anonymous_1)
FN:38,(anonymous_2)
FNF:2
FNH:0
FNDA:0,(anonymous_1)
FNDA:0,(anonymous_2)
DA:2,1
DA:4,1
DA:32,1
DA:33,0
DA:36,1
DA:38,1
DA:39,0
DA:41,0
DA:43,0
DA:44,0
DA:46,0
DA:49,1
LF:12
LH:6
BRDA:41,1,0,0
BRDA:41,1,1,0
BRDA:43,2,0,0
BRDA:43,2,1,0
BRF:4
BRH:0
end_of_record
TN:
SF:/Users/colinmeret/fullstack/codestream/server/db/models/folder.js
FN:25,(anonymous_1)
FNF:1
FNH:0
FNDA:0,(anonymous_1)
DA:2,1
DA:4,1
DA:25,1
DA:26,0
DA:27,0
DA:28,0
DA:30,0
DA:33,1
LF:8
LH:4
BRDA:26,1,0,0
BRDA:26,1,1,0
BRDA:27,2,0,0
BRDA:27,2,1,0
BRF:4
BRH:0
end_of_record
TN:
SF:/Users/colinmeret/fullstack/codestream/server/db/models/document.js
FN:21,(anonymous_1)
FNF:1
FNH:0
FNDA:0,(anonymous_1)
DA:2,1
DA:4,1
DA:21,1
DA:22,0
DA:23,0
DA:24,0
DA:26,0
DA:29,1
LF:8
LH:4
BRDA:22,1,0,0
BRDA:22,1,1,0
BRDA:23,2,0,0
BRDA:23,2,1,0
BRF:4
BRH:0
end_of_record
TN:
SF:/Users/colinmeret/fullstack/codestream/server/db/models/snapshot.js
FNF:0
FNH:0
DA:2,1
DA:4,1
DA:13,1
DA:29,1
LF:4
LH:4
BRF:0
BRH:0
end_of_record
TN:
SF:/Users/colinmeret/fullstack/codestream/server/app/index.js
FN:19,(anonymous_1)
FN:37,(anonymous_2)
FN:57,(anonymous_3)
FN:61,(anonymous_4)
FN:67,(anonymous_5)
FN:75,(anonymous_6)
FN:82,(anonymous_7)
FN:88,(anonymous_8)
FN:91,(anonymous_9)
FNF:9
FNH:0
FNDA:0,(anonymous_1)
FNDA:0,(anonymous_2)
FNDA:0,(anonymous_3)
FNDA:0,(anonymous_4)
FNDA:0,(anonymous_5)
FNDA:0,(anonymous_6)
FNDA:0,(anonymous_7)
FNDA:0,(anonymous_8)
FNDA:0,(anonymous_9)
DA:1,1
DA:2,1
DA:3,1
DA:4,1
DA:5,1
DA:6,1
DA:7,1
DA:9,1
DA:10,1
DA:11,1
DA:19,1
DA:21,0
DA:22,0
DA:23,0
DA:25,0
DA:26,0
DA:27,0
DA:31,0
DA:37,0
DA:39,0
DA:40,0
DA:42,0
DA:52,0
DA:55,0
DA:57,0
DA:58,0
DA:61,0
DA:62,0
DA:63,0
DA:67,0
DA:68,0
DA:75,0
DA:76,0
DA:77,0
DA:78,0
DA:82,0
DA:83,0
DA:88,1
DA:89,0
DA:91,0
DA:92,0
DA:97,1
LF:42
LH:13
BRDA:21,1,0,0
BRDA:21,1,1,0
BRDA:39,2,0,0
BRDA:39,2,1,0
BRDA:83,3,0,0
BRDA:83,3,1,0
BRF:6
BRH:0
end_of_record
TN:
SF:/Users/colinmeret/fullstack/codestream/server/start.js
FNF:0
FNH:0
DA:1,1
DA:2,1
LF:2
LH:2
BRF:0
BRH:0
end_of_record
